#
# There is insufficient memory for the Java Runtime Environment to continue.
# Native memory allocation (malloc) failed to allocate 948976 bytes. Error detail: Chunk::new
# Possible reasons:
#   The system is out of physical RAM or swap space
#   This process is running with CompressedOops enabled, and the Java Heap may be blocking the growth of the native heap
# Possible solutions:
#   Reduce memory load on the system
#   Increase physical memory or swap space
#   Check if swap backing store is full
#   Decrease Java heap size (-Xmx/-Xms)
#   Decrease number of Java threads
#   Decrease Java thread stack sizes (-Xss)
#   Set larger code cache with -XX:ReservedCodeCacheSize=
#   JVM is running with Unscaled Compressed Oops mode in which the Java heap is
#     placed in the first 4GB address space. The Java Heap base address is the
#     maximum limit for the native heap growth. Please use -XX:HeapBaseMinAddress
#     to set the Java Heap base and to place the Java Heap above 4GB virtual address.
# This output file may be truncated or incomplete.
#
#  Out of Memory Error (arena.cpp:150), pid=8824, tid=7844
#
# JRE version: OpenJDK Runtime Environment (22.0+36) (build 22+36-2370)
# Java VM: OpenJDK 64-Bit Server VM (22+36-2370, mixed mode, sharing, tiered, compressed oops, compressed class ptrs, g1 gc, windows-amd64)
# No core dump will be written. Minidumps are not enabled by default on client versions of Windows
#

---------------  S U M M A R Y ------------

Command Line: -ea -Didea.test.cyclic.buffer.size=1048576 -javaagent:C:\Program Files\JetBrains\IntelliJ IDEA Community Edition 2024.1\lib\idea_rt.jar=53877:C:\Program Files\JetBrains\IntelliJ IDEA Community Edition 2024.1\bin -Dfile.encoding=UTF-8 -Dsun.stdout.encoding=UTF-8 -Dsun.stderr.encoding=UTF-8 com.intellij.rt.junit.JUnitStarter -ideVersion5 -junit5 @w@C:\Users\Lenovo\AppData\Local\Temp\idea_working_dirs_junit.tmp @C:\Users\Lenovo\AppData\Local\Temp\idea_junit.tmp -socket53874

Host: AMD Athlon Silver 3050U with Radeon Graphics   , 2 cores, 3G,  Windows 10 , 64 bit Build 19041 (10.0.19041.3636)
Time: Sat Apr 20 23:00:11 2024 India Standard Time elapsed time: 19.919376 seconds (0d 0h 0m 19s)

---------------  T H R E A D  ---------------

Current thread (0x000001b840c873a0):  JavaThread "C2 CompilerThread0" daemon [_thread_in_native, id=7844, stack(0x00000099cbf00000,0x00000099cc000000) (1024K)]


Current CompileTask:
C2:19919 1732       4       java.lang.invoke.MethodType::methodType (69 bytes)

Stack: [0x00000099cbf00000,0x00000099cc000000]
Native frames: (J=compiled Java code, j=interpreted, Vv=VM code, C=native code)
V  [jvm.dll+0x6e2349]  (no source info available)
V  [jvm.dll+0x874ed3]  (no source info available)
V  [jvm.dll+0x8772fe]  (no source info available)
V  [jvm.dll+0x8779d3]  (no source info available)
V  [jvm.dll+0x27fcb6]  (no source info available)
V  [jvm.dll+0xc3d0f]  (no source info available)
V  [jvm.dll+0xc3f6b]  (no source info available)
V  [jvm.dll+0x2f3b6f]  (no source info available)
V  [jvm.dll+0x60bd8a]  (no source info available)
V  [jvm.dll+0x250d2f]  (no source info available)
V  [jvm.dll+0x2493b6]  (no source info available)
V  [jvm.dll+0x246eb6]  (no source info available)
V  [jvm.dll+0x1c4e90]  (no source info available)
V  [jvm.dll+0x25699e]  (no source info available)
V  [jvm.dll+0x254c5a]  (no source info available)
V  [jvm.dll+0x3f5426]  (no source info available)
V  [jvm.dll+0x81d50b]  (no source info available)
V  [jvm.dll+0x6e09e5]  (no source info available)
C  [ucrtbase.dll+0x21bb2]  (no source info available)
C  [KERNEL32.DLL+0x17344]  (no source info available)
C  [ntdll.dll+0x526b1]  (no source info available)


---------------  P R O C E S S  ---------------

Threads class SMR info:
_java_thread_list=0x000001b8860240a0, length=12, elements={
0x000001b8246dcf10, 0x000001b8269fe950, 0x000001b840c818d0, 0x000001b840c826e0,
0x000001b840c85150, 0x000001b840c85bb0, 0x000001b840c86610, 0x000001b840c873a0,
0x000001b840cf4870, 0x000001b840d15ba0, 0x000001b8860a0500, 0x000001b8860a88e0
}

Java Threads: ( => current thread )
  0x000001b8246dcf10 JavaThread "main"                              [_thread_in_Java, id=11780, stack(0x00000099cb100000,0x00000099cb200000) (1024K)]
  0x000001b8269fe950 JavaThread "Reference Handler"          daemon [_thread_blocked, id=11156, stack(0x00000099cb900000,0x00000099cba00000) (1024K)]
  0x000001b840c818d0 JavaThread "Finalizer"                  daemon [_thread_blocked, id=12032, stack(0x00000099cba00000,0x00000099cbb00000) (1024K)]
  0x000001b840c826e0 JavaThread "Signal Dispatcher"          daemon [_thread_blocked, id=14808, stack(0x00000099cbb00000,0x00000099cbc00000) (1024K)]
  0x000001b840c85150 JavaThread "Attach Listener"            daemon [_thread_blocked, id=14652, stack(0x00000099cbc00000,0x00000099cbd00000) (1024K)]
  0x000001b840c85bb0 JavaThread "Service Thread"             daemon [_thread_blocked, id=7592, stack(0x00000099cbd00000,0x00000099cbe00000) (1024K)]
  0x000001b840c86610 JavaThread "Monitor Deflation Thread"   daemon [_thread_blocked, id=13816, stack(0x00000099cbe00000,0x00000099cbf00000) (1024K)]
=>0x000001b840c873a0 JavaThread "C2 CompilerThread0"         daemon [_thread_in_native, id=7844, stack(0x00000099cbf00000,0x00000099cc000000) (1024K)]
  0x000001b840cf4870 JavaThread "C1 CompilerThread0"         daemon [_thread_blocked, id=14472, stack(0x00000099cc000000,0x00000099cc100000) (1024K)]
  0x000001b840d15ba0 JavaThread "Common-Cleaner"             daemon [_thread_blocked, id=11752, stack(0x00000099cc100000,0x00000099cc200000) (1024K)]
  0x000001b8860a0500 JavaThread "Monitor Ctrl-Break"         daemon [_thread_in_native, id=14716, stack(0x00000099cc200000,0x00000099cc300000) (1024K)]
  0x000001b8860a88e0 JavaThread "Notification Thread"        daemon [_thread_blocked, id=8620, stack(0x00000099cc300000,0x00000099cc400000) (1024K)]
Total: 12

Other Threads:
  0x000001b8269e3760 VMThread "VM Thread"                           [id=10328, stack(0x00000099cb800000,0x00000099cb900000) (1024K)]
  0x000001b8269cb190 WatcherThread "VM Periodic Task Thread"        [id=12164, stack(0x00000099cb700000,0x00000099cb800000) (1024K)]
  0x000001b82697c880 WorkerThread "GC Thread#0"                     [id=3828, stack(0x00000099cb200000,0x00000099cb300000) (1024K)]
  0x000001b840cdba50 WorkerThread "GC Thread#1"                     [id=1016, stack(0x00000099cc400000,0x00000099cc500000) (1024K)]
  0x000001b826983f30 ConcurrentGCThread "G1 Main Marker"            [id=948, stack(0x00000099cb300000,0x00000099cb400000) (1024K)]
  0x000001b8269850f0 WorkerThread "G1 Conc#0"                       [id=5368, stack(0x00000099cb400000,0x00000099cb500000) (1024K)]
  0x000001b8269bfd70 ConcurrentGCThread "G1 Refine#0"               [id=14148, stack(0x00000099cb500000,0x00000099cb600000) (1024K)]
  0x000001b8269c09b0 ConcurrentGCThread "G1 Service"                [id=11600, stack(0x00000099cb600000,0x00000099cb700000) (1024K)]
Total: 8

Threads with active compile tasks:
C2 CompilerThread0  20048 1732       4       java.lang.invoke.MethodType::methodType (69 bytes)
Total: 1

VM state: not at safepoint (normal execution)

VM Mutex/Monitor currently owned by a thread: None

Heap address: 0x00000000cd000000, size: 816 MB, Compressed Oops mode: 32-bit

CDS archive(s) mapped at: [0x000001b841000000-0x000001b841c50000-0x000001b841c50000), size 12910592, SharedBaseAddress: 0x000001b841000000, ArchiveRelocationMode: 1.
Compressed class space mapped at: 0x000001b842000000-0x000001b882000000, reserved size: 1073741824
Narrow klass base: 0x000001b841000000, Narrow klass shift: 0, Narrow klass range: 0x41000000

GC Precious Log:
 CardTable entry size: 512
 Card Set container configuration: InlinePtr #cards 5 size 8 Array Of Cards #cards 12 size 40 Howl #buckets 4 coarsen threshold 1843 Howl Bitmap #cards 512 size 80 coarsen threshold 460 Card regions per heap region 1 cards per card region 2048
 CPUs: 2 total, 2 available
 Memory: 3261M
 Large Page Support: Disabled
 NUMA Support: Disabled
 Compressed Oops: Enabled (32-bit)
 Heap Region Size: 1M
 Heap Min Capacity: 8M
 Heap Initial Capacity: 52M
 Heap Max Capacity: 816M
 Pre-touch: Disabled
 Parallel Workers: 2
 Concurrent Workers: 1
 Concurrent Refinement Workers: 2
 Periodic GC: Disabled

Heap:
 garbage-first heap   total reserved 835584K, committed 53248K, used 31676K [0x00000000cd000000, 0x0000000100000000)
  region size 1024K, 27 young (27648K), 2 survivors (2048K)
 Metaspace       used 11558K, committed 11840K, reserved 1114112K
  class space    used 1509K, committed 1600K, reserved 1048576K

Heap Regions: E=young(eden), S=young(survivor), O=old, HS=humongous(starts), HC=humongous(continues), CS=collection set, F=free, TAMS=top-at-mark-start, PB=parsable bottom
|   0|0x00000000cd000000, 0x00000000cd100000, 0x00000000cd100000|100%|HS|  |TAMS 0x00000000cd000000| PB 0x00000000cd000000| Complete |  0
|   1|0x00000000cd100000, 0x00000000cd200000, 0x00000000cd200000|100%| O|  |TAMS 0x00000000cd100000| PB 0x00000000cd100000| Untracked |  0
|   2|0x00000000cd200000, 0x00000000cd300000, 0x00000000cd300000|100%| O|  |TAMS 0x00000000cd200000| PB 0x00000000cd200000| Untracked |  0
|   3|0x00000000cd300000, 0x00000000cd400000, 0x00000000cd400000|100%| O|  |TAMS 0x00000000cd300000| PB 0x00000000cd300000| Untracked |  0
|   4|0x00000000cd400000, 0x00000000cd500000, 0x00000000cd500000|100%| O|  |TAMS 0x00000000cd400000| PB 0x00000000cd400000| Untracked |  0
|   5|0x00000000cd500000, 0x00000000cd579e48, 0x00000000cd600000| 47%| O|  |TAMS 0x00000000cd500000| PB 0x00000000cd500000| Untracked |  0
|   6|0x00000000cd600000, 0x00000000cd600000, 0x00000000cd700000|  0%| F|  |TAMS 0x00000000cd600000| PB 0x00000000cd600000| Untracked |  0
|   7|0x00000000cd700000, 0x00000000cd700000, 0x00000000cd800000|  0%| F|  |TAMS 0x00000000cd700000| PB 0x00000000cd700000| Untracked |  0
|   8|0x00000000cd800000, 0x00000000cd800000, 0x00000000cd900000|  0%| F|  |TAMS 0x00000000cd800000| PB 0x00000000cd800000| Untracked |  0
|   9|0x00000000cd900000, 0x00000000cd900000, 0x00000000cda00000|  0%| F|  |TAMS 0x00000000cd900000| PB 0x00000000cd900000| Untracked |  0
|  10|0x00000000cda00000, 0x00000000cda00000, 0x00000000cdb00000|  0%| F|  |TAMS 0x00000000cda00000| PB 0x00000000cda00000| Untracked |  0
|  11|0x00000000cdb00000, 0x00000000cdb00000, 0x00000000cdc00000|  0%| F|  |TAMS 0x00000000cdb00000| PB 0x00000000cdb00000| Untracked |  0
|  12|0x00000000cdc00000, 0x00000000cdc00000, 0x00000000cdd00000|  0%| F|  |TAMS 0x00000000cdc00000| PB 0x00000000cdc00000| Untracked |  0
|  13|0x00000000cdd00000, 0x00000000cdd00000, 0x00000000cde00000|  0%| F|  |TAMS 0x00000000cdd00000| PB 0x00000000cdd00000| Untracked |  0
|  14|0x00000000cde00000, 0x00000000cde00000, 0x00000000cdf00000|  0%| F|  |TAMS 0x00000000cde00000| PB 0x00000000cde00000| Untracked |  0
|  15|0x00000000cdf00000, 0x00000000cdf00000, 0x00000000ce000000|  0%| F|  |TAMS 0x00000000cdf00000| PB 0x00000000cdf00000| Untracked |  0
|  16|0x00000000ce000000, 0x00000000ce000000, 0x00000000ce100000|  0%| F|  |TAMS 0x00000000ce000000| PB 0x00000000ce000000| Untracked |  0
|  17|0x00000000ce100000, 0x00000000ce100000, 0x00000000ce200000|  0%| F|  |TAMS 0x00000000ce100000| PB 0x00000000ce100000| Untracked |  0
|  18|0x00000000ce200000, 0x00000000ce200000, 0x00000000ce300000|  0%| F|  |TAMS 0x00000000ce200000| PB 0x00000000ce200000| Untracked |  0
|  19|0x00000000ce300000, 0x00000000ce300000, 0x00000000ce400000|  0%| F|  |TAMS 0x00000000ce300000| PB 0x00000000ce300000| Untracked |  0
|  20|0x00000000ce400000, 0x00000000ce400000, 0x00000000ce500000|  0%| F|  |TAMS 0x00000000ce400000| PB 0x00000000ce400000| Untracked |  0
|  21|0x00000000ce500000, 0x00000000ce500000, 0x00000000ce600000|  0%| F|  |TAMS 0x00000000ce500000| PB 0x00000000ce500000| Untracked |  0
|  22|0x00000000ce600000, 0x00000000ce600000, 0x00000000ce700000|  0%| F|  |TAMS 0x00000000ce600000| PB 0x00000000ce600000| Untracked |  0
|  23|0x00000000ce700000, 0x00000000ce700000, 0x00000000ce800000|  0%| F|  |TAMS 0x00000000ce700000| PB 0x00000000ce700000| Untracked |  0
|  24|0x00000000ce800000, 0x00000000ce800000, 0x00000000ce900000|  0%| F|  |TAMS 0x00000000ce800000| PB 0x00000000ce800000| Untracked |  0
|  25|0x00000000ce900000, 0x00000000ce95bad8, 0x00000000cea00000| 35%| E|  |TAMS 0x00000000ce900000| PB 0x00000000ce900000| Complete |  0
|  26|0x00000000cea00000, 0x00000000ceb00000, 0x00000000ceb00000|100%| E|CS|TAMS 0x00000000cea00000| PB 0x00000000cea00000| Complete |  0
|  27|0x00000000ceb00000, 0x00000000cec00000, 0x00000000cec00000|100%| E|CS|TAMS 0x00000000ceb00000| PB 0x00000000ceb00000| Complete |  0
|  28|0x00000000cec00000, 0x00000000ced00000, 0x00000000ced00000|100%| E|CS|TAMS 0x00000000cec00000| PB 0x00000000cec00000| Complete |  0
|  29|0x00000000ced00000, 0x00000000cee00000, 0x00000000cee00000|100%| E|CS|TAMS 0x00000000ced00000| PB 0x00000000ced00000| Complete |  0
|  30|0x00000000cee00000, 0x00000000cef00000, 0x00000000cef00000|100%| E|CS|TAMS 0x00000000cee00000| PB 0x00000000cee00000| Complete |  0
|  31|0x00000000cef00000, 0x00000000cf000000, 0x00000000cf000000|100%| E|CS|TAMS 0x00000000cef00000| PB 0x00000000cef00000| Complete |  0
|  32|0x00000000cf000000, 0x00000000cf100000, 0x00000000cf100000|100%| E|CS|TAMS 0x00000000cf000000| PB 0x00000000cf000000| Complete |  0
|  33|0x00000000cf100000, 0x00000000cf200000, 0x00000000cf200000|100%| E|CS|TAMS 0x00000000cf100000| PB 0x00000000cf100000| Complete |  0
|  34|0x00000000cf200000, 0x00000000cf300000, 0x00000000cf300000|100%| E|CS|TAMS 0x00000000cf200000| PB 0x00000000cf200000| Complete |  0
|  35|0x00000000cf300000, 0x00000000cf400000, 0x00000000cf400000|100%| E|CS|TAMS 0x00000000cf300000| PB 0x00000000cf300000| Complete |  0
|  36|0x00000000cf400000, 0x00000000cf500000, 0x00000000cf500000|100%| E|CS|TAMS 0x00000000cf400000| PB 0x00000000cf400000| Complete |  0
|  37|0x00000000cf500000, 0x00000000cf600000, 0x00000000cf600000|100%| E|CS|TAMS 0x00000000cf500000| PB 0x00000000cf500000| Complete |  0
|  38|0x00000000cf600000, 0x00000000cf700000, 0x00000000cf700000|100%| E|CS|TAMS 0x00000000cf600000| PB 0x00000000cf600000| Complete |  0
|  39|0x00000000cf700000, 0x00000000cf775230, 0x00000000cf800000| 45%| S|CS|TAMS 0x00000000cf700000| PB 0x00000000cf700000| Complete |  0
|  40|0x00000000cf800000, 0x00000000cf900000, 0x00000000cf900000|100%| S|CS|TAMS 0x00000000cf800000| PB 0x00000000cf800000| Complete |  0
|  41|0x00000000cf900000, 0x00000000cfa00000, 0x00000000cfa00000|100%| E|CS|TAMS 0x00000000cf900000| PB 0x00000000cf900000| Complete |  0
|  42|0x00000000cfa00000, 0x00000000cfb00000, 0x00000000cfb00000|100%| E|CS|TAMS 0x00000000cfa00000| PB 0x00000000cfa00000| Complete |  0
|  43|0x00000000cfb00000, 0x00000000cfc00000, 0x00000000cfc00000|100%| E|CS|TAMS 0x00000000cfb00000| PB 0x00000000cfb00000| Complete |  0
|  44|0x00000000cfc00000, 0x00000000cfd00000, 0x00000000cfd00000|100%| E|CS|TAMS 0x00000000cfc00000| PB 0x00000000cfc00000| Complete |  0
|  45|0x00000000cfd00000, 0x00000000cfe00000, 0x00000000cfe00000|100%| E|CS|TAMS 0x00000000cfd00000| PB 0x00000000cfd00000| Complete |  0
|  46|0x00000000cfe00000, 0x00000000cff00000, 0x00000000cff00000|100%| E|CS|TAMS 0x00000000cfe00000| PB 0x00000000cfe00000| Complete |  0
|  47|0x00000000cff00000, 0x00000000d0000000, 0x00000000d0000000|100%| E|CS|TAMS 0x00000000cff00000| PB 0x00000000cff00000| Complete |  0
|  48|0x00000000d0000000, 0x00000000d0100000, 0x00000000d0100000|100%| E|CS|TAMS 0x00000000d0000000| PB 0x00000000d0000000| Complete |  0
|  49|0x00000000d0100000, 0x00000000d0200000, 0x00000000d0200000|100%| E|CS|TAMS 0x00000000d0100000| PB 0x00000000d0100000| Complete |  0
|  50|0x00000000d0200000, 0x00000000d0300000, 0x00000000d0300000|100%| E|CS|TAMS 0x00000000d0200000| PB 0x00000000d0200000| Complete |  0
|  51|0x00000000d0300000, 0x00000000d0400000, 0x00000000d0400000|100%| E|CS|TAMS 0x00000000d0300000| PB 0x00000000d0300000| Complete |  0

Card table byte_map: [0x000001b8266a0000,0x000001b826840000] _byte_map_base: 0x000001b826038000

Marking Bits: (CMBitMap*) 0x000001b82697cea0
 Bits: [0x000001b83dc80000, 0x000001b83e940000)

Polling page: 0x000001b8248d0000

Metaspace:

Usage:
  Non-class:      9.83 MB used.
      Class:      1.48 MB used.
       Both:     11.30 MB used.

Virtual space:
  Non-class space:       64.00 MB reserved,      10.00 MB ( 16%) committed,  1 nodes.
      Class space:        1.00 GB reserved,       1.56 MB ( <1%) committed,  1 nodes.
             Both:        1.06 GB reserved,      11.56 MB (  1%) committed. 

Chunk freelists:
   Non-Class:  5.92 MB
       Class:  14.33 MB
        Both:  20.25 MB

MaxMetaspaceSize: unlimited
CompressedClassSpaceSize: 1.00 GB
Initial GC threshold: 21.00 MB
Current GC threshold: 21.00 MB
CDS: on
 - commit_granule_bytes: 65536.
 - commit_granule_words: 8192.
 - virtual_space_node_default_size: 8388608.
 - enlarge_chunks_in_place: 1.
 - use_allocation_guard: 0.


Internal statistics:

num_allocs_failed_limit: 0.
num_arena_births: 226.
num_arena_deaths: 0.
num_vsnodes_births: 2.
num_vsnodes_deaths: 0.
num_space_committed: 185.
num_space_uncommitted: 0.
num_chunks_returned_to_freelist: 0.
num_chunks_taken_from_freelist: 632.
num_chunk_merges: 0.
num_chunk_splits: 374.
num_chunks_enlarged: 246.
num_inconsistent_stats: 0.

CodeHeap 'non-profiled nmethods': size=120064Kb used=702Kb max_used=702Kb free=119361Kb
 bounds [0x000001b836740000, 0x000001b8369b0000, 0x000001b83dc80000]
CodeHeap 'profiled nmethods': size=120000Kb used=3456Kb max_used=3456Kb free=116544Kb
 bounds [0x000001b82ec80000, 0x000001b82efe0000, 0x000001b8361b0000]
CodeHeap 'non-nmethods': size=5696Kb used=1395Kb max_used=1428Kb free=4300Kb
 bounds [0x000001b8361b0000, 0x000001b836420000, 0x000001b836740000]
 total_blobs=2295 nmethods=1803 adapters=396
 compilation: enabled
              stopped_count=0, restarted_count=0
 full_count=0

Compilation events (20 events):
Event: 19.858 Thread 0x000001b840cf4870 1755       3       java.lang.invoke.MethodHandle::bindTo (19 bytes)
Event: 19.858 Thread 0x000001b840cf4870 nmethod 1755 0x000001b82efbc990 code [0x000001b82efbcba0, 0x000001b82efbd1b8]
Event: 19.858 Thread 0x000001b840cf4870 1756       3       java.lang.invoke.MethodType::leadingReferenceParameter (30 bytes)
Event: 19.858 Thread 0x000001b840cf4870 nmethod 1756 0x000001b82efbd410 code [0x000001b82efbd5e0, 0x000001b82efbd8c0]
Event: 19.859 Thread 0x000001b840cf4870 1757       3       java.lang.invoke.MethodHandle::bindArgumentL (10 bytes)
Event: 19.859 Thread 0x000001b840cf4870 nmethod 1757 0x000001b82efbda10 code [0x000001b82efbdc20, 0x000001b82efbe2a8]
Event: 19.895 Thread 0x000001b840cf4870 1760       3       java.nio.ByteBuffer::limit (6 bytes)
Event: 19.895 Thread 0x000001b840cf4870 nmethod 1760 0x000001b82efbe510 code [0x000001b82efbe6c0, 0x000001b82efbe888]
Event: 19.896 Thread 0x000001b840cf4870 1761       3       java.lang.invoke.LambdaForm$MH/0x000001b842028c00::invoke (35 bytes)
Event: 19.896 Thread 0x000001b840cf4870 nmethod 1761 0x000001b82efbe910 code [0x000001b82efbeae0, 0x000001b82efbf150]
Event: 19.896 Thread 0x000001b840cf4870 1762       3       java.lang.reflect.Proxy::newProxyInstance (35 bytes)
Event: 19.897 Thread 0x000001b840cf4870 nmethod 1762 0x000001b82efbf310 code [0x000001b82efbf500, 0x000001b82efbf8d8]
Event: 19.897 Thread 0x000001b840cf4870 1763       3       java.lang.reflect.Proxy::getProxyConstructor (92 bytes)
Event: 19.897 Thread 0x000001b840cf4870 nmethod 1763 0x000001b82efbfa90 code [0x000001b82efbfd80, 0x000001b82efc1368]
Event: 19.898 Thread 0x000001b840cf4870 1764       1       org.springframework.core.annotation.MergedAnnotations$Search::lambda$static$1 (2 bytes)
Event: 19.898 Thread 0x000001b840cf4870 nmethod 1764 0x000001b8367ee210 code [0x000001b8367ee3a0, 0x000001b8367ee448]
Event: 19.898 Thread 0x000001b840cf4870 1765       3       org.springframework.core.annotation.AnnotationsScanner::hasPlainJavaAnnotationsOnly (26 bytes)
Event: 19.898 Thread 0x000001b840cf4870 nmethod 1765 0x000001b82efc1910 code [0x000001b82efc1ae0, 0x000001b82efc1e00]
Event: 19.904 Thread 0x000001b840cf4870 1767       3       java.util.concurrent.CopyOnWriteArrayList::size (6 bytes)
Event: 19.904 Thread 0x000001b840cf4870 nmethod 1767 0x000001b82efc1f90 code [0x000001b82efc2120, 0x000001b82efc2248]

GC Heap History (6 events):
Event: 15.629 GC heap before
{Heap before GC invocations=0 (full 0):
 garbage-first heap   total reserved 835584K, committed 53248K, used 7168K [0x00000000cd000000, 0x0000000100000000)
  region size 1024K, 7 young (7168K), 0 survivors (0K)
 Metaspace       used 918K, committed 1024K, reserved 1114112K
  class space    used 72K, committed 128K, reserved 1048576K
}
Event: 15.667 GC heap after
{Heap after GC invocations=1 (full 0):
 garbage-first heap   total reserved 835584K, committed 53248K, used 5826K [0x00000000cd000000, 0x0000000100000000)
  region size 1024K, 1 young (1024K), 1 survivors (1024K)
 Metaspace       used 918K, committed 1024K, reserved 1114112K
  class space    used 72K, committed 128K, reserved 1048576K
}
Event: 17.905 GC heap before
{Heap before GC invocations=1 (full 0):
 garbage-first heap   total reserved 835584K, committed 53248K, used 9922K [0x00000000cd000000, 0x0000000100000000)
  region size 1024K, 5 young (5120K), 1 survivors (1024K)
 Metaspace       used 2267K, committed 2368K, reserved 1114112K
  class space    used 221K, committed 256K, reserved 1048576K
}
Event: 17.907 GC heap after
{Heap after GC invocations=2 (full 0):
 garbage-first heap   total reserved 835584K, committed 53248K, used 6425K [0x00000000cd000000, 0x0000000100000000)
  region size 1024K, 1 young (1024K), 1 survivors (1024K)
 Metaspace       used 2267K, committed 2368K, reserved 1114112K
  class space    used 221K, committed 256K, reserved 1048576K
}
Event: 18.586 GC heap before
{Heap before GC invocations=2 (full 0):
 garbage-first heap   total reserved 835584K, committed 53248K, used 16665K [0x00000000cd000000, 0x0000000100000000)
  region size 1024K, 11 young (11264K), 1 survivors (1024K)
 Metaspace       used 4835K, committed 4992K, reserved 1114112K
  class space    used 614K, committed 704K, reserved 1048576K
}
Event: 18.590 GC heap after
{Heap after GC invocations=3 (full 0):
 garbage-first heap   total reserved 835584K, committed 53248K, used 7100K [0x00000000cd000000, 0x0000000100000000)
  region size 1024K, 2 young (2048K), 2 survivors (2048K)
 Metaspace       used 4835K, committed 4992K, reserved 1114112K
  class space    used 614K, committed 704K, reserved 1048576K
}

Dll operation events (10 events):
Event: 0.031 Loaded shared library C:\Users\Lenovo\.jdks\openjdk-22\bin\java.dll
Event: 0.129 Loaded shared library C:\Users\Lenovo\.jdks\openjdk-22\bin\jsvml.dll
Event: 0.443 Loaded shared library C:\Users\Lenovo\.jdks\openjdk-22\bin\zip.dll
Event: 0.450 Loaded shared library C:\Users\Lenovo\.jdks\openjdk-22\bin\instrument.dll
Event: 0.460 Loaded shared library C:\Users\Lenovo\.jdks\openjdk-22\bin\net.dll
Event: 0.462 Loaded shared library C:\Users\Lenovo\.jdks\openjdk-22\bin\nio.dll
Event: 0.688 Loaded shared library C:\Users\Lenovo\.jdks\openjdk-22\bin\zip.dll
Event: 0.740 Loaded shared library C:\Program Files\JetBrains\IntelliJ IDEA Community Edition 2024.1\bin\breakgen64.dll
Event: 0.790 Loaded shared library C:\Users\Lenovo\.jdks\openjdk-22\bin\extnet.dll
Event: 16.025 Loaded shared library C:\Users\Lenovo\.jdks\openjdk-22\bin\jimage.dll

Deoptimization events (20 events):
Event: 19.242 Thread 0x000001b8246dcf10 DEOPT PACKING pc=0x000001b8367a5a7c sp=0x00000099cb1fca20
Event: 19.242 Thread 0x000001b8246dcf10 DEOPT UNPACKING pc=0x000001b8362046a2 sp=0x00000099cb1fc998 mode 2
Event: 19.246 Thread 0x000001b8246dcf10 Uncommon trap: trap_request=0xffffff45 fr.pc=0x000001b8367bc5d8 relative=0x0000000000001478
Event: 19.246 Thread 0x000001b8246dcf10 Uncommon trap: reason=unstable_if action=reinterpret pc=0x000001b8367bc5d8 method=java.util.zip.ZipCoder.hash(Ljava/lang/String;)I @ 23 c2
Event: 19.246 Thread 0x000001b8246dcf10 DEOPT PACKING pc=0x000001b8367bc5d8 sp=0x00000099cb1fcb10
Event: 19.246 Thread 0x000001b8246dcf10 DEOPT UNPACKING pc=0x000001b8362046a2 sp=0x00000099cb1fc950 mode 2
Event: 19.417 Thread 0x000001b8246dcf10 DEOPT PACKING pc=0x000001b82ef7bee7 sp=0x00000099cb1fc010
Event: 19.417 Thread 0x000001b8246dcf10 DEOPT UNPACKING pc=0x000001b836204e42 sp=0x00000099cb1fb4f8 mode 0
Event: 19.537 Thread 0x000001b8246dcf10 DEOPT PACKING pc=0x000001b82ef7bee7 sp=0x00000099cb1f8a10
Event: 19.537 Thread 0x000001b8246dcf10 DEOPT UNPACKING pc=0x000001b836204e42 sp=0x00000099cb1f7ef8 mode 0
Event: 19.609 Thread 0x000001b8246dcf10 Uncommon trap: trap_request=0xffffff45 fr.pc=0x000001b83678c980 relative=0x00000000000000e0
Event: 19.609 Thread 0x000001b8246dcf10 Uncommon trap: reason=unstable_if action=reinterpret pc=0x000001b83678c980 method=sun.reflect.generics.parser.SignatureParser.current()C @ 39 c2
Event: 19.609 Thread 0x000001b8246dcf10 DEOPT PACKING pc=0x000001b83678c980 sp=0x00000099cb1fbc10
Event: 19.609 Thread 0x000001b8246dcf10 DEOPT UNPACKING pc=0x000001b8362046a2 sp=0x00000099cb1fbba8 mode 2
Event: 19.651 Thread 0x000001b8246dcf10 DEOPT PACKING pc=0x000001b82ed81302 sp=0x00000099cb1fc340
Event: 19.651 Thread 0x000001b8246dcf10 DEOPT UNPACKING pc=0x000001b836204e42 sp=0x00000099cb1fb7c8 mode 0
Event: 19.680 Thread 0x000001b8246dcf10 DEOPT PACKING pc=0x000001b82ef7bee7 sp=0x00000099cb1fb330
Event: 19.680 Thread 0x000001b8246dcf10 DEOPT UNPACKING pc=0x000001b836204e42 sp=0x00000099cb1fa818 mode 0
Event: 19.739 Thread 0x000001b8246dcf10 DEOPT PACKING pc=0x000001b82ef7bee7 sp=0x00000099cb1fc090
Event: 19.740 Thread 0x000001b8246dcf10 DEOPT UNPACKING pc=0x000001b836204e42 sp=0x00000099cb1fb578 mode 0

Classes loaded (20 events):
Event: 19.776 Loading class java/net/UnknownHostException
Event: 19.776 Loading class java/net/UnknownHostException done
Event: 19.785 Loading class sun/reflect/generics/tree/ByteSignature
Event: 19.785 Loading class sun/reflect/generics/tree/ByteSignature done
Event: 19.798 Loading class java/util/function/UnaryOperator
Event: 19.799 Loading class java/util/function/UnaryOperator done
Event: 19.799 Loading class java/util/ConcurrentModificationException
Event: 19.799 Loading class java/util/ConcurrentModificationException done
Event: 19.812 Loading class java/lang/ThreadLocal$SuppliedThreadLocal
Event: 19.812 Loading class java/lang/ThreadLocal$SuppliedThreadLocal done
Event: 19.826 Loading class java/util/EventListener
Event: 19.827 Loading class java/util/EventListener done
Event: 19.828 Loading class java/lang/invoke/WrongMethodTypeException
Event: 19.829 Loading class java/lang/invoke/WrongMethodTypeException done
Event: 19.849 Loading class java/util/EventObject
Event: 19.850 Loading class java/util/EventObject done
Event: 19.862 Loading class java/util/ArrayList$ListItr
Event: 19.862 Loading class java/util/ArrayList$ListItr done
Event: 19.877 Loading class java/util/concurrent/TimeoutException
Event: 19.877 Loading class java/util/concurrent/TimeoutException done

Classes unloaded (0 events):
No events

Classes redefined (0 events):
No events

Internal exceptions (20 events):
Event: 18.784 Thread 0x000001b8246dcf10 Exception <a 'java/lang/ClassNotFoundException'{0x00000000d02fdba8}: javax/smartcardio/CardPermission> (0x00000000d02fdba8) 
thrown [s\open\src\hotspot\share\classfile\systemDictionary.cpp, line 313]
Event: 18.801 Thread 0x000001b8246dcf10 Exception <a 'java/io/FileNotFoundException'{0x00000000d010c220}> (0x00000000d010c220) 
thrown [s\open\src\hotspot\share\prims\jni.cpp, line 520]
Event: 18.840 Thread 0x000001b8246dcf10 Exception <a 'java/lang/NoSuchMethodError'{0x00000000d019b1a8}: 'java.lang.Object java.lang.invoke.DirectMethodHandle$Holder.invokeSpecial(java.lang.Object, java.lang.Object, java.lang.Object, long, java.lang.Object)'> (0x00000000d019b1a8) 
thrown [s\open\src\hotspot\share\interpreter\linkResolver.cpp, line 774]
Event: 18.840 Thread 0x000001b8246dcf10 Exception <a 'java/lang/NoSuchMethodError'{0x00000000d019edb8}: 'java.lang.Object java.lang.invoke.Invokers$Holder.linkToTargetMethod(java.lang.Object, long, java.lang.Object, java.lang.Object)'> (0x00000000d019edb8) 
thrown [s\open\src\hotspot\share\interpreter\linkResolver.cpp, line 774]
Event: 19.025 Thread 0x000001b8246dcf10 Exception <a 'java/lang/NoSuchMethodError'{0x00000000cfd7d9b8}: 'int java.lang.invoke.DirectMethodHandle$Holder.invokeStaticInit(java.lang.Object, java.lang.Object, java.lang.Object)'> (0x00000000cfd7d9b8) 
thrown [s\open\src\hotspot\share\interpreter\linkResolver.cpp, line 774]
Event: 19.064 Thread 0x000001b8246dcf10 Exception <a 'java/lang/NoSuchMethodError'{0x00000000cfc7c7b8}: 'int java.lang.invoke.DirectMethodHandle$Holder.invokeInterface(java.lang.Object, java.lang.Object)'> (0x00000000cfc7c7b8) 
thrown [s\open\src\hotspot\share\interpreter\linkResolver.cpp, line 774]
Event: 19.090 Thread 0x000001b8246dcf10 Exception <a 'java/lang/NoSuchMethodError'{0x00000000cfb2bf98}: 'void java.lang.invoke.DirectMethodHandle$Holder.invokeStaticInit(java.lang.Object, java.lang.Object)'> (0x00000000cfb2bf98) 
thrown [s\open\src\hotspot\share\interpreter\linkResolver.cpp, line 774]
Event: 19.131 Thread 0x000001b8246dcf10 Exception <a 'java/lang/NoSuchMethodError'{0x00000000cfbdd080}: 'int java.lang.invoke.DirectMethodHandle$Holder.invokeVirtual(java.lang.Object, java.lang.Object, java.lang.Object)'> (0x00000000cfbdd080) 
thrown [s\open\src\hotspot\share\interpreter\linkResolver.cpp, line 774]
Event: 19.166 Thread 0x000001b8246dcf10 Exception <a 'java/lang/IncompatibleClassChangeError'{0x00000000cfaec9a8}: Found class java.lang.Object, but interface was expected> (0x00000000cfaec9a8) 
thrown [s\open\src\hotspot\share\interpreter\linkResolver.cpp, line 841]
Event: 19.237 Thread 0x000001b8246dcf10 Exception <a 'java/lang/NoSuchMethodError'{0x00000000cf9fcf28}: 'int java.lang.invoke.DirectMethodHandle$Holder.invokeSpecial(java.lang.Object, java.lang.Object, java.lang.Object, java.lang.Object)'> (0x00000000cf9fcf28) 
thrown [s\open\src\hotspot\share\interpreter\linkResolver.cpp, line 774]
Event: 19.247 Thread 0x000001b8246dcf10 Exception <a 'java/lang/NoSuchMethodError'{0x00000000cf6199d0}: 'int java.lang.invoke.DirectMethodHandle$Holder.invokeSpecial(java.lang.Object, java.lang.Object, java.lang.Object, java.lang.Object, java.lang.Object)'> (0x00000000cf6199d0) 
thrown [s\open\src\hotspot\share\interpreter\linkResolver.cpp, line 774]
Event: 19.248 Thread 0x000001b8246dcf10 Exception <a 'java/lang/NoSuchMethodError'{0x00000000cf621680}: 'void java.lang.invoke.DirectMethodHandle$Holder.invokeVirtual(java.lang.Object, java.lang.Object)'> (0x00000000cf621680) 
thrown [s\open\src\hotspot\share\interpreter\linkResolver.cpp, line 774]
Event: 19.478 Thread 0x000001b8246dcf10 Exception <a 'java/lang/NoSuchMethodError'{0x00000000cf4ac190}: 'void java.lang.invoke.DirectMethodHandle$Holder.invokeVirtual(java.lang.Object, java.lang.Object, java.lang.Object, java.lang.Object)'> (0x00000000cf4ac190) 
thrown [s\open\src\hotspot\share\interpreter\linkResolver.cpp, line 774]
Event: 19.802 Thread 0x000001b8246dcf10 Exception <a 'java/lang/NoSuchMethodError'{0x00000000cf0be758}: 'java.lang.Object java.lang.invoke.DirectMethodHandle$Holder.newInvokeSpecial(java.lang.Object, java.lang.Object, java.lang.Object, java.lang.Object, java.lang.Object, java.lang.Object, java.lang.Object)'> (0x00000000cf0be758) 
thrown [s\open\src\hotspot\share\interpreter\linkResolver.cpp, line 774]
Event: 19.845 Thread 0x000001b8246dcf10 Exception <a 'java/lang/NoSuchMethodError'{0x00000000cee3ae28}: 'java.lang.Object java.lang.invoke.DirectMethodHandle$Holder.invokeInterface(java.lang.Object, java.lang.Object, java.lang.Object, java.lang.Object)'> (0x00000000cee3ae28) 
thrown [s\open\src\hotspot\share\interpreter\linkResolver.cpp, line 774]
Event: 19.848 Thread 0x000001b8246dcf10 Exception <a 'java/lang/NoSuchMethodError'{0x00000000cee57bd0}: 'java.lang.Object java.lang.invoke.DirectMethodHandle$Holder.newInvokeSpecial(java.lang.Object, java.lang.Object, java.lang.Object, java.lang.Object, int)'> (0x00000000cee57bd0) 
thrown [s\open\src\hotspot\share\interpreter\linkResolver.cpp, line 774]
Event: 19.848 Thread 0x000001b8246dcf10 Exception <a 'java/lang/NoSuchMethodError'{0x00000000cee5c460}: 'java.lang.Object java.lang.invoke.DirectMethodHandle$Holder.invokeSpecial(java.lang.Object, java.lang.Object, java.lang.Object, java.lang.Object, java.lang.Object, int)'> (0x00000000cee5c460) 
thrown [s\open\src\hotspot\share\interpreter\linkResolver.cpp, line 774]
Event: 19.848 Thread 0x000001b8246dcf10 Exception <a 'java/lang/NoSuchMethodError'{0x00000000cee60190}: 'java.lang.Object java.lang.invoke.Invokers$Holder.linkToTargetMethod(java.lang.Object, java.lang.Object, java.lang.Object, int, java.lang.Object)'> (0x00000000cee60190) 
thrown [s\open\src\hotspot\share\interpreter\linkResolver.cpp, line 774]
Event: 19.857 Thread 0x000001b8246dcf10 Exception <a 'java/lang/NoSuchMethodError'{0x00000000ceebc528}: 'java.lang.Object java.lang.invoke.DirectMethodHandle$Holder.invokeInterface(java.lang.Object, java.lang.Object, java.lang.Object, java.lang.Object, java.lang.Object)'> (0x00000000ceebc528) 
thrown [s\open\src\hotspot\share\interpreter\linkResolver.cpp, line 774]
Event: 19.857 Thread 0x000001b8246dcf10 Exception <a 'java/lang/IncompatibleClassChangeError'{0x00000000ceec0060}: Found class java.lang.Object, but interface was expected> (0x00000000ceec0060) 
thrown [s\open\src\hotspot\share\interpreter\linkResolver.cpp, line 841]

ZGC Phase Switch (0 events):
No events

VM Operations (20 events):
Event: 18.677 Executing VM operation: HandshakeAllThreads (Deoptimize)
Event: 18.677 Executing VM operation: HandshakeAllThreads (Deoptimize) done
Event: 18.807 Executing VM operation: HandshakeAllThreads (Deoptimize)
Event: 18.807 Executing VM operation: HandshakeAllThreads (Deoptimize) done
Event: 18.882 Executing VM operation: HandshakeAllThreads (Deoptimize)
Event: 18.882 Executing VM operation: HandshakeAllThreads (Deoptimize) done
Event: 18.951 Executing VM operation: HandshakeAllThreads (Deoptimize)
Event: 18.951 Executing VM operation: HandshakeAllThreads (Deoptimize) done
Event: 18.951 Executing VM operation: HandshakeAllThreads (Deoptimize)
Event: 18.951 Executing VM operation: HandshakeAllThreads (Deoptimize) done
Event: 19.065 Executing VM operation: HandshakeAllThreads (Deoptimize)
Event: 19.065 Executing VM operation: HandshakeAllThreads (Deoptimize) done
Event: 19.202 Executing VM operation: HandshakeAllThreads (Deoptimize)
Event: 19.202 Executing VM operation: HandshakeAllThreads (Deoptimize) done
Event: 19.439 Executing VM operation: HandshakeAllThreads (Deoptimize)
Event: 19.439 Executing VM operation: HandshakeAllThreads (Deoptimize) done
Event: 19.853 Executing VM operation: ICBufferFull
Event: 19.853 Executing VM operation: ICBufferFull done
Event: 19.863 Executing VM operation: HandshakeAllThreads (Deoptimize)
Event: 19.863 Executing VM operation: HandshakeAllThreads (Deoptimize) done

Events (12 events):
Event: 0.058 Thread 0x000001b8246dcf10 Thread added: 0x000001b8246dcf10
Event: 0.112 Thread 0x000001b8269fe950 Thread added: 0x000001b8269fe950
Event: 0.113 Thread 0x000001b840c818d0 Thread added: 0x000001b840c818d0
Event: 0.113 Thread 0x000001b840c826e0 Thread added: 0x000001b840c826e0
Event: 0.113 Thread 0x000001b840c85150 Thread added: 0x000001b840c85150
Event: 0.113 Thread 0x000001b840c85bb0 Thread added: 0x000001b840c85bb0
Event: 0.113 Thread 0x000001b840c86610 Thread added: 0x000001b840c86610
Event: 0.114 Thread 0x000001b840c873a0 Thread added: 0x000001b840c873a0
Event: 0.137 Thread 0x000001b840cf4870 Thread added: 0x000001b840cf4870
Event: 0.301 Thread 0x000001b840d15ba0 Thread added: 0x000001b840d15ba0
Event: 0.741 Thread 0x000001b8860a0500 Thread added: 0x000001b8860a0500
Event: 0.741 Thread 0x000001b8860a88e0 Thread added: 0x000001b8860a88e0


Dynamic libraries:
0x00007ff7cba40000 - 0x00007ff7cba4e000 	C:\Users\Lenovo\.jdks\openjdk-22\bin\java.exe
0x00007fff9b7d0000 - 0x00007fff9b9c8000 	C:\Windows\SYSTEM32\ntdll.dll
0x00007fff6a570000 - 0x00007fff6a589000 	C:\Program Files\AVG\Antivirus\aswhook.dll
0x00007fff9a680000 - 0x00007fff9a73d000 	C:\Windows\System32\KERNEL32.DLL
0x00007fff99060000 - 0x00007fff99356000 	C:\Windows\System32\KERNELBASE.dll
0x00007fff98e80000 - 0x00007fff98f80000 	C:\Windows\System32\ucrtbase.dll
0x00007fff92120000 - 0x00007fff92137000 	C:\Users\Lenovo\.jdks\openjdk-22\bin\jli.dll
0x00007fff92010000 - 0x00007fff9202b000 	C:\Users\Lenovo\.jdks\openjdk-22\bin\VCRUNTIME140.dll
0x00007fff9b5f0000 - 0x00007fff9b78f000 	C:\Windows\System32\USER32.dll
0x00007fff994c0000 - 0x00007fff994e2000 	C:\Windows\System32\win32u.dll
0x00007fff9b310000 - 0x00007fff9b33b000 	C:\Windows\System32\GDI32.dll
0x00007fff995d0000 - 0x00007fff996e7000 	C:\Windows\System32\gdi32full.dll
0x00007fff890f0000 - 0x00007fff8938a000 	C:\Windows\WinSxS\amd64_microsoft.windows.common-controls_6595b64144ccf1df_6.0.19041.3636_none_60b6a03d71f818d5\COMCTL32.dll
0x00007fff99760000 - 0x00007fff997fd000 	C:\Windows\System32\msvcp_win.dll
0x00007fff9b550000 - 0x00007fff9b5ee000 	C:\Windows\System32\msvcrt.dll
0x00007fff99a60000 - 0x00007fff99a92000 	C:\Windows\System32\IMM32.DLL
0x00007fff96530000 - 0x00007fff9653c000 	C:\Users\Lenovo\.jdks\openjdk-22\bin\vcruntime140_1.dll
0x00007fff91f80000 - 0x00007fff9200e000 	C:\Users\Lenovo\.jdks\openjdk-22\bin\msvcp140.dll
0x00007fff5f2d0000 - 0x00007fff60018000 	C:\Users\Lenovo\.jdks\openjdk-22\bin\server\jvm.dll
0x00007fff9a7e0000 - 0x00007fff9a890000 	C:\Windows\System32\ADVAPI32.dll
0x00007fff99b30000 - 0x00007fff99bd0000 	C:\Windows\System32\sechost.dll
0x00007fff9aa10000 - 0x00007fff9ab33000 	C:\Windows\System32\RPCRT4.dll
0x00007fff994f0000 - 0x00007fff99517000 	C:\Windows\System32\bcrypt.dll
0x00007fff9b340000 - 0x00007fff9b3ab000 	C:\Windows\System32\WS2_32.dll
0x00007fff98ce0000 - 0x00007fff98d2b000 	C:\Windows\SYSTEM32\POWRPROF.dll
0x00007fff90da0000 - 0x00007fff90dc7000 	C:\Windows\SYSTEM32\WINMM.dll
0x00007fff92530000 - 0x00007fff9253a000 	C:\Windows\SYSTEM32\VERSION.dll
0x00007fff98cc0000 - 0x00007fff98cd2000 	C:\Windows\SYSTEM32\UMPDC.dll
0x00007fff96d10000 - 0x00007fff96d22000 	C:\Windows\SYSTEM32\kernel.appcore.dll
0x00007fff95110000 - 0x00007fff9511a000 	C:\Users\Lenovo\.jdks\openjdk-22\bin\jimage.dll
0x00007fff8cdd0000 - 0x00007fff8cfb4000 	C:\Windows\SYSTEM32\DBGHELP.DLL
0x00007fff8a100000 - 0x00007fff8a134000 	C:\Windows\SYSTEM32\dbgcore.DLL
0x00007fff98f80000 - 0x00007fff99002000 	C:\Windows\System32\bcryptPrimitives.dll
0x00007fff950f0000 - 0x00007fff950ff000 	C:\Users\Lenovo\.jdks\openjdk-22\bin\instrument.dll
0x00007fff91f60000 - 0x00007fff91f7e000 	C:\Users\Lenovo\.jdks\openjdk-22\bin\java.dll
0x00007fff99eb0000 - 0x00007fff9a61b000 	C:\Windows\System32\SHELL32.dll
0x00007fff99d80000 - 0x00007fff99eab000 	C:\Windows\System32\ole32.dll
0x00007fff9afb0000 - 0x00007fff9b303000 	C:\Windows\System32\combase.dll
0x00007fff96f10000 - 0x00007fff976ae000 	C:\Windows\SYSTEM32\windows.storage.dll
0x00007fff987e0000 - 0x00007fff9880e000 	C:\Windows\SYSTEM32\Wldp.dll
0x00007fff9b3b0000 - 0x00007fff9b47d000 	C:\Windows\System32\OLEAUT32.dll
0x00007fff9b4a0000 - 0x00007fff9b54d000 	C:\Windows\System32\SHCORE.dll
0x00007fff99920000 - 0x00007fff99975000 	C:\Windows\System32\shlwapi.dll
0x00007fff98db0000 - 0x00007fff98dd3000 	C:\Windows\SYSTEM32\profapi.dll
0x00007fff91e80000 - 0x00007fff91f57000 	C:\Users\Lenovo\.jdks\openjdk-22\bin\jsvml.dll
0x00007fff91e60000 - 0x00007fff91e77000 	C:\Users\Lenovo\.jdks\openjdk-22\bin\zip.dll
0x00007fff93bb0000 - 0x00007fff93bc0000 	C:\Users\Lenovo\.jdks\openjdk-22\bin\net.dll
0x00007fff98540000 - 0x00007fff985aa000 	C:\Windows\system32\mswsock.dll
0x00007fff91e40000 - 0x00007fff91e56000 	C:\Users\Lenovo\.jdks\openjdk-22\bin\nio.dll
0x00007fff91e20000 - 0x00007fff91e3a000 	C:\Program Files\JetBrains\IntelliJ IDEA Community Edition 2024.1\bin\breakgen64.dll
0x00007fff929d0000 - 0x00007fff929d9000 	C:\Users\Lenovo\.jdks\openjdk-22\bin\extnet.dll

dbghelp: loaded successfully - version: 4.0.5 - missing functions: none
symbol engine: initialized successfully - sym options: 0x614 - pdb path: .;C:\Users\Lenovo\.jdks\openjdk-22\bin;C:\Windows\SYSTEM32;C:\Program Files\AVG\Antivirus;C:\Windows\WinSxS\amd64_microsoft.windows.common-controls_6595b64144ccf1df_6.0.19041.3636_none_60b6a03d71f818d5;C:\Users\Lenovo\.jdks\openjdk-22\bin\server;C:\Program Files\JetBrains\IntelliJ IDEA Community Edition 2024.1\bin

VM Arguments:
jvm_args: -ea -Didea.test.cyclic.buffer.size=1048576 -javaagent:C:\Program Files\JetBrains\IntelliJ IDEA Community Edition 2024.1\lib\idea_rt.jar=53877:C:\Program Files\JetBrains\IntelliJ IDEA Community Edition 2024.1\bin -Dfile.encoding=UTF-8 -Dsun.stdout.encoding=UTF-8 -Dsun.stderr.encoding=UTF-8 
java_command: com.intellij.rt.junit.JUnitStarter -ideVersion5 -junit5 @w@C:\Users\Lenovo\AppData\Local\Temp\idea_working_dirs_junit.tmp @C:\Users\Lenovo\AppData\Local\Temp\idea_junit.tmp -socket53874
java_class_path (initial): C:\Users\Lenovo\.m2\repository\org\junit\platform\junit-platform-launcher\1.10.2\junit-platform-launcher-1.10.2.jar;C:\Program Files\JetBrains\IntelliJ IDEA Community Edition 2024.1\lib\idea_rt.jar;C:\Program Files\JetBrains\IntelliJ IDEA Community Edition 2024.1\plugins\junit\lib\junit5-rt.jar;C:\Program Files\JetBrains\IntelliJ IDEA Community Edition 2024.1\plugins\junit\lib\junit-rt.jar;D:\projects for resm\QuizManagement\target\test-classes;D:\projects for resm\QuizManagement\target\classes;C:\Users\Lenovo\.m2\repository\org\springframework\boot\spring-boot-starter-data-jpa\3.2.4\spring-boot-starter-data-jpa-3.2.4.jar;C:\Users\Lenovo\.m2\repository\org\springframework\boot\spring-boot-starter-aop\3.2.4\spring-boot-starter-aop-3.2.4.jar;C:\Users\Lenovo\.m2\repository\org\springframework\spring-aop\6.1.5\spring-aop-6.1.5.jar;C:\Users\Lenovo\.m2\repository\org\aspectj\aspectjweaver\1.9.21\aspectjweaver-1.9.21.jar;C:\Users\Lenovo\.m2\repository\org\springframework\boot\spring-boot-starter-jdbc\3.2.4\spring-boot-starter-jdbc-3.2.4.jar;C:\Users\Lenovo\.m2\repository\com\zaxxer\HikariCP\5.0.1\HikariCP-5.0.1.jar;C:\Users\Lenovo\.m2\repository\org\springframework\spring-jdbc\6.1.5\spring-jdbc-6.1.5.jar;C:\Users\Lenovo\.m2\repository\org\hibernate\orm\hibernate-core\6.4.4.Final\hibernate-core-6.4.4.Final.jar;C:\Users\Lenovo\.m2\repository\jakarta\persistence\jakarta.persistence-api\3.1.0\jakarta.persistence-api-3.1.0.jar;C:\Users\Lenovo\.m2\repository\jakarta\transaction\jakarta.transaction-api\2.0.1\jakarta.transaction-api-2.0.1.jar;C:\Users\Lenovo\.m2\repository\org\jboss\logging\jboss-logging\3.5.3.Final\jboss-logging-3.5.3.Final.jar;C:\Users\Lenovo\.m2\repository\org\hibernate\common\hibernate-commons-annotations\6.0.6.Final\hibernate-commons-annotations-6.0.6.Final.jar;C:\Users\Lenovo\.m2\repository\io\smallrye\jandex\3.1.2\jandex-3.1.2.jar;C:\Users\Lenovo\.m2\repository\com\fasterxml\classmate\1.6.0\classmate-1.6.0.jar;C:\Users\Lenovo\.m2\repository\net\bytebuddy\byte-buddy\1.14.12\byte-buddy-1.14.12.jar;C:\Users\Lenovo\.m2\repository\org\glassfish\jaxb\jaxb-runtime\4.0.5\jaxb-runtime-4.0.5.jar;C:\Users\Lenovo\.m2\repository\org\glassfish\jaxb\jaxb-core\4.0.5\jaxb-core-4.0.5.jar;C:\Users\Lenovo\.m2\repository\org\eclipse\angus\angus-activation\2.0.2\angus-activation-2.0.2.jar;C:\Users\Lenovo\.m2\repository\org\glassfish\jaxb\txw2\4.0.5\txw2-4.0.5.jar;C:\Users\Lenovo\.m2\repository\com\sun\istack\istack-commons-runtime\4.1.2\istack-commons-runtime-4.1.2.jar;C:\Users\Lenovo\.m2\repository\jakarta\inject\jakarta.inject-api\2.0.1\jakarta.inject-api-2.0.1.jar;C:\Users\Lenovo\.m2\repository\org\antlr\antlr4-runtime\4.13.0\antlr4-runtime-4.13.0.jar;C:\Users\Lenovo\.m2\repository\org\springframework\data\spring-data-jpa\3.2.4\spring-data-jpa-3.2.4.jar;C:\Users\Lenovo\.m2\repository\org\springframework\data\spring-data-commons\3.2.4\spring-data-commons-3.2.4.jar;C:\Users\Lenovo\.m2\repository\org\springframework\spring-orm\6.1.5\spring-orm-6.1.5.jar;C:\Users\Lenovo\.m2\repository\org\springframework\spring-context\6.1.5\spring-context-6.1.5.jar;C:\Users\Lenovo\.m2\repository\org\springframework\spring-tx\6.1.5\spring-tx-6.1.5.jar;C:\Users\Lenovo\.m2\repository\org\springframework\spring-beans\6.1.5\spring-beans-6.1.5.jar;C:\Users\Lenovo\.m2\repository\jakarta\annotation\jakarta.annotation-api\2.1.1\jakarta.annotation-api-2.1.1.jar;C:\Users\Lenovo\.m2\repository\org\slf4j\slf4j-api\2.0.12\slf4j-api-2.0.12.jar;C:\Users\Lenovo\.m2\repository\org\springframework\spring-aspects\6.1.5\spring-aspects-6.1.5.jar;C:\Users\Lenovo\.m2\repository\org\springframework\boot\spring-boot-starter-thymeleaf\3.2.4\spring-boot-starter-thymeleaf-3.2.4.jar;C:\Users\Lenovo\.m2\repository\org\springframework\boot\spring-boot-starter\3.2.4\spring-boot-starter-3.2.4.jar;C:\Users\Lenovo\.m2\repository\org\springframework\boot\spring-boot-starter-logging\3.2.4\spring-boot-starter-logging-3.2.4.jar;C:\Users\Lenovo\.m2\repository\ch\qos\logback\logback-classic\1.4.14\logback-classic-1.4.14.jar;C:\Users\Lenovo\.m2\repository\ch\qos\logback\logback-core\1.4.14\logback-core-1.4.14.jar;C:\Users\Lenovo\.m2\repository\org\apache\logging\log4j\log4j-to-slf4j\2.21.1\log4j-to-slf4j-2.21.1.jar;C:\Users\Lenovo\.m2\repository\org\apache\logging\log4j\log4j-api\2.21.1\log4j-api-2.21.1.jar;C:\Users\Lenovo\.m2\repository\org\slf4j\jul-to-slf4j\2.0.12\jul-to-slf4j-2.0.12.jar;C:\Users\Lenovo\.m2\repository\org\yaml\snakeyaml\2.2\snakeyaml-2.2.jar;C:\Users\Lenovo\.m2\repository\org\thymeleaf\thymeleaf-spring6\3.1.2.RELEASE\thymeleaf-spring6-3.1.2.RELEASE.jar;C:\Users\Lenovo\.m2\repository\org\thymeleaf\thymeleaf\3.1.2.RELEASE\thymeleaf-3.1.2.RELEASE.jar;C:\Users\Lenovo\.m2\repository\org\attoparser\attoparser\2.0.7.RELEASE\attoparser-2.0.7.RELEASE.jar;C:\Users\Lenovo\.m2\repository\org\unbescape\unbescape\1.1.6.RELEASE\unbescape-1.1.6.RELEASE.jar;C:\Users\Lenovo\.m2\repository\org\springframework\boot\spring-boot-starter-validation\3.2.4\spring-boot-starter-validation-3.2.4.jar;C:\Users\Lenovo\.m2\repository\org\apache\tomcat\embed\tomcat-embed-el\10.1.19\tomcat-embed-el-10.1.19.jar;C:\Users\Lenovo\.m2\repository\org\hibernate\validator\hibernate-validator\8.0.1.Final\hibernate-validator-8.0.1.Final.jar;C:\Users\Lenovo\.m2\repository\jakarta\validation\jakarta.validation-api\3.0.2\jakarta.validation-api-3.0.2.jar;C:\Users\Lenovo\.m2\repository\org\springframework\boot\spring-boot-starter-web\3.2.4\spring-boot-starter-web-3.2.4.jar;C:\Users\Lenovo\.m2\repository\org\springframework\boot\spring-boot-starter-json\3.2.4\spring-boot-starter-json-3.2.4.jar;C:\Users\Lenovo\.m2\repository\com\fasterxml\jackson\core\jackson-databind\2.15.4\jackson-databind-2.15.4.jar;C:\Users\Lenovo\.m2\repository\com\fasterxml\jackson\core\jackson-annotations\2.15.4\jackson-annotations-2.15.4.jar;C:\Users\Lenovo\.m2\repository\com\fasterxml\jackson\core\jackson-core\2.15.4\jackson-core-2.15.4.jar;C:\Users\Lenovo\.m2\repository\com\fasterxml\jackson\datatype\jackson-datatype-jdk8\2.15.4\jackson-datatype-jdk8-2.15.4.jar;C:\Users\Lenovo\.m2\repository\com\fasterxml\jackson\datatype\jackson-datatype-jsr310\2.15.4\jackson-datatype-jsr310-2.15.4.jar;C:\Users\Lenovo\.m2\repository\com\fasterxml\jackson\module\jackson-module-parameter-names\2.15.4\jackson-module-parameter-names-2.15.4.jar;C:\Users\Lenovo\.m2\repository\org\springframework\boot\spring-boot-starter-tomcat\3.2.4\spring-boot-starter-tomcat-3.2.4.jar;C:\Users\Lenovo\.m2\repository\org\apache\tomcat\embed\tomcat-embed-core\10.1.19\tomcat-embed-core-10.1.19.jar;C:\Users\Lenovo\.m2\repository\org\apache\tomcat\embed\tomcat-embed-websocket\10.1.19\tomcat-embed-websocket-10.1.19.jar;C:\Users\Lenovo\.m2\repository\org\springframework\spring-web\6.1.5\spring-web-6.1.5.jar;C:\Users\Lenovo\.m2\repository\io\micrometer\micrometer-observation\1.12.4\micrometer-observation-1.12.4.jar;C:\Users\Lenovo\.m2\repository\io\micrometer\micrometer-commons\1.12.4\micrometer-commons-1.12.4.jar;C:\Users\Lenovo\.m2\repository\org\springframework\spring-webmvc\6.1.5\spring-webmvc-6.1.5.jar;C:\Users\Lenovo\.m2\repository\org\springframework\spring-expression\6.1.5\spring-expression-6.1.5.jar;C:\Users\Lenovo\.m2\repository\org\springframework\boot\spring-boot-devtools\3.2.4\spring-boot-devtools-3.2.4.jar;C:\Users\Lenovo\.m2\repository\org\springframework\boot\spring-boot\3.2.4\spring-boot-3.2.4.jar;C:\Users\Lenovo\.m2\repository\org\springframework\boot\spring-boot-autoconfigure\3.2.4\spring-boot-autoconfigure-3.2.4.jar;C:\Users\Lenovo\.m2\repository\com\mysql\mysql-connector-j\8.3.0\mysql-connector-j-8.3.0.jar;C:\Users\Lenovo\.m2\repository\org\projectlombok\lombok\1.18.30\lombok-1.18.30.jar;C:\Users\Lenovo\.m2\repository\org\springframework\boot\spring-boot-starter-test\3.2.4\spring-boot-starter-test-3.2.4.jar;C:\Users\Lenovo\.m2\repository\org\springframework\boot\spring-boot-test\3.2.4\spring-boot-test-3.2.4.jar;C:\Users\Lenovo\.m2\repository\org\springframework\boot\spring-boot-test-autoconfigure\3.2.4\spring-boot-test-autoconfigure-3.2.4.jar;C:\Users\Lenovo\.m2\repository\com\jayway\jsonpath\json-path\2.9.0\json-path-2.9.0.jar;C:\Users\Lenovo\.m2\repository\jakarta\xml\bind\jakarta.xml.bind-api\4.0.2\jakarta.xml.bind-api-4.0.2.jar;C:\Users\Lenovo\.m2\repository\jakarta\activation\jakarta.activation-api\2.1.3\jakarta.activation-api-2.1.3.jar;C:\Users\Lenovo\.m2\repository\net\minidev\json-smart\2.5.0\json-smart-2.5.0.jar;C:\Users\Lenovo\.m2\repository\net\minidev\accessors-smart\2.5.0\accessors-smart-2.5.0.jar;C:\Users\Lenovo\.m2\repository\org\ow2\asm\asm\9.3\asm-9.3.jar;C:\Users\Lenovo\.m2\repository\org\assertj\assertj-core\3.24.2\assertj-core-3.24.2.jar;C:\Users\Lenovo\.m2\repository\org\awaitility\awaitility\4.2.0\awaitility-4.2.0.jar;C:\Users\Lenovo\.m2\repository\org\hamcrest\hamcrest\2.2\hamcrest-2.2.jar;C:\Users\Lenovo\.m2\repository\org\junit\jupiter\junit-jupiter\5.10.2\junit-jupiter-5.10.2.jar;C:\Users\Lenovo\.m2\repository\org\junit\jupiter\junit-jupiter-api\5.10.2\junit-jupiter-api-5.10.2.jar;C:\Users\Lenovo\.m2\repository\org\opentest4j\opentest4j\1.3.0\opentest4j-1.3.0.jar;C:\Users\Lenovo\.m2\repository\org\junit\platform\junit-platform-commons\1.10.2\junit-platform-commons-1.10.2.jar;C:\Users\Lenovo\.m2\repository\org\apiguardian\apiguardian-api\1.1.2\apiguardian-api-1.1.2.jar;C:\Users\Lenovo\.m2\repository\org\junit\jupiter\junit-jupiter-params\5.10.2\junit-jupiter-params-5.10.2.jar;C:\Users\Lenovo\.m2\repository\org\junit\jupiter\junit-jupiter-engine\5.10.2\junit-jupiter-engine-5.10.2.jar;C:\Users\Lenovo\.m2\repository\org\junit\platform\junit-platform-engine\1.10.2\junit-platform-engine-1.10.2.jar;C:\Users\Lenovo\.m2\repository\org\mockito\mockito-core\5.7.0\mockito-core-5.7.0.jar;C:\Users\Lenovo\.m2\repository\net\bytebuddy\byte-buddy-agent\1.14.12\byte-buddy-agent-1.14.12.jar;C:\Users\Lenovo\.m2\repository\org\objenesis\objenesis\3.3\objenesis-3.3.jar;C:\Users\Lenovo\.m2\repository\org\mockito\mockito-junit-jupiter\5.7.0\mockito-junit-jupiter-5.7.0.jar;C:\Users\Lenovo\.m2\repository\org\skyscreamer\jsonassert\1.5.1\jsonassert-1.5.1.jar;C:\Users\Lenovo\.m2\repository\com\vaadin\external\google\android-json\0.0.20131108.vaadin1\android-json-0.0.20131108.vaadin1.jar;C:\Users\Lenovo\.m2\repository\org\springframework\spring-core\6.1.5\spring-core-6.1.5.jar;C:\Users\Lenovo\.m2\repository\org\springframework\spring-jcl\6.1.5\spring-jcl-6.1.5.jar;C:\Users\Lenovo\.m2\repository\org\springframework\spring-test\6.1.5\spring-test-6.1.5.jar;C:\Users\Lenovo\.m2\repository\org\xmlunit\xmlunit-core\2.9.1\xmlunit-core-2.9.1.jar
Launcher Type: SUN_STANDARD

[Global flags]
     intx CICompilerCount                          = 2                                         {product} {ergonomic}
     uint ConcGCThreads                            = 1                                         {product} {ergonomic}
     uint G1ConcRefinementThreads                  = 2                                         {product} {ergonomic}
   size_t G1HeapRegionSize                         = 1048576                                   {product} {ergonomic}
   size_t InitialHeapSize                          = 54525952                                  {product} {ergonomic}
   size_t MarkStackSize                            = 4194304                                   {product} {ergonomic}
   size_t MaxHeapSize                              = 855638016                                 {product} {ergonomic}
   size_t MaxNewSize                               = 512753664                                 {product} {ergonomic}
   size_t MinHeapDeltaBytes                        = 1048576                                   {product} {ergonomic}
   size_t MinHeapSize                              = 8388608                                   {product} {ergonomic}
    uintx NonNMethodCodeHeapSize                   = 5826188                                {pd product} {ergonomic}
    uintx NonProfiledCodeHeapSize                  = 122916026                              {pd product} {ergonomic}
     bool PerfDisableSharedMem                     = true                                      {product} {ergonomic}
    uintx ProfiledCodeHeapSize                     = 122916026                              {pd product} {ergonomic}
    uintx ReservedCodeCacheSize                    = 251658240                              {pd product} {ergonomic}
     bool SegmentedCodeCache                       = true                                      {product} {ergonomic}
   size_t SoftMaxHeapSize                          = 855638016                              {manageable} {ergonomic}
     bool UseCompressedOops                        = true                           {product lp64_product} {ergonomic}
     bool UseG1GC                                  = true                                      {product} {ergonomic}
     bool UseLargePagesIndividualAllocation        = false                                  {pd product} {ergonomic}

Logging:
Log output configuration:
 #0: stdout all=warning uptime,level,tags foldmultilines=false
 #1: stderr all=off uptime,level,tags foldmultilines=false

Environment Variables:
PATH=C:\Program Files\Common Files\Oracle\Java\javapath;D:\Java\jdk1.8.0;C:\oraclexe\app\oracle\product\11.2.0\server\bin;C:\Program Files\Java\jdk-17;C:\Program Files\MySQL\MySQL Shell 8.0\bin\;C:\Users\Lenovo\AppData\Local\Programs\Python\Launcher\;C:\Users\Lenovo\AppData\Local\Programs\Microsoft VS Code\bin;D:\Java\jdk1.8.0\bin;;C:\Program Files\JetBrains\IntelliJ IDEA Community Edition 2024.1\bin;
USERNAME=Lenovo
OS=Windows_NT
PROCESSOR_IDENTIFIER=AMD64 Family 23 Model 24 Stepping 1, AuthenticAMD
TMP=C:\Users\Lenovo\AppData\Local\Temp
TEMP=C:\Users\Lenovo\AppData\Local\Temp




Periodic native trim disabled

---------------  S Y S T E M  ---------------

OS:
 Windows 10 , 64 bit Build 19041 (10.0.19041.3636)
OS uptime: 5 days 7:28 hours

CPU: total 2 (initial active 2) (2 cores per cpu, 1 threads per core) family 23 model 24 stepping 1 microcode 0x0, cx8, cmov, fxsr, mmx, 3dnowpref, sse, sse2, sse3, ssse3, sse4a, sse4.1, sse4.2, popcnt, lzcnt, tsc, tscinvbit, avx, avx2, aes, clmul, bmi1, bmi2, adx, sha, fma, vzeroupper, clflush, clflushopt, rdtscp, f16c
Processor Information for all 2 processors :
  Max Mhz: 2300, Current Mhz: 2300, Mhz Limit: 2300

Memory: 4k page, system-wide physical 3261M (49M free)
TotalPageFile size 13501M (AvailPageFile size 2M)
current process WorkingSet (physical memory assigned to process): 100M, peak: 100M
current process commit charge ("private bytes"): 152M, peak: 152M

vm_info: OpenJDK 64-Bit Server VM (22+36-2370) for windows-amd64 JRE (22+36-2370), built on 2024-02-15T22:15:19Z by "mach5one" with MS VC++ 17.6 (VS2022)

END.
